0 info it worked if it ends with ok
1 verbose cli [ '/home/manueljmorillo/.nvm/versions/node/v6.9.4/bin/node',
1 verbose cli   '/home/manueljmorillo/.nvm/versions/node/v6.9.4/bin/npm',
1 verbose cli   'run',
1 verbose cli   'build' ]
2 info using npm@3.10.10
3 info using node@v6.9.4
4 verbose run-script [ 'prebuild', 'build', 'postbuild' ]
5 info lifecycle mapea@5.0.0~prebuild: mapea@5.0.0
6 verbose lifecycle mapea@5.0.0~prebuild: unsafe-perm in lifecycle true
7 verbose lifecycle mapea@5.0.0~prebuild: PATH: /home/manueljmorillo/.nvm/versions/node/v6.9.4/lib/node_modules/npm/bin/node-gyp-bin:/home/manueljmorillo/environment/proyectos/SIGC/workspace/Mapea4/mapea-js/node_modules/.bin:/home/manueljmorillo/.nvm/versions/node/v6.9.4/bin:/home/manueljmorillo/software/miniconda3/bin:/home/manueljmorillo/bin:/home/manueljmorillo/.local/bin:/usr/local/sbin:/usr/local/bin:/usr/sbin:/usr/bin:/sbin:/bin:/usr/games:/usr/local/games:/home/manueljmorillo/environment/software/gradle-4.6/bin:/snap/bin:/usr/lib/jvm/java-8-oracle/bin:/usr/lib/jvm/java-8-oracle/db/bin:/usr/lib/jvm/java-8-oracle/jre/bin
8 verbose lifecycle mapea@5.0.0~prebuild: CWD: /home/manueljmorillo/environment/proyectos/SIGC/workspace/Mapea4/mapea-js
9 silly lifecycle mapea@5.0.0~prebuild: Args: [ '-c',
9 silly lifecycle   'node tasks/clean-build.js --path=dist && node tasks/copy-legacy.js && node tasks/generate-index.js && node tasks/generate-plugins-entrypoints.js' ]
10 silly lifecycle mapea@5.0.0~prebuild: Returned: code: 1  signal: null
11 info lifecycle mapea@5.0.0~prebuild: Failed to exec prebuild script
12 verbose stack Error: mapea@5.0.0 prebuild: `node tasks/clean-build.js --path=dist && node tasks/copy-legacy.js && node tasks/generate-index.js && node tasks/generate-plugins-entrypoints.js`
12 verbose stack Exit status 1
12 verbose stack     at EventEmitter.<anonymous> (/home/manueljmorillo/.nvm/versions/node/v6.9.4/lib/node_modules/npm/lib/utils/lifecycle.js:255:16)
12 verbose stack     at emitTwo (events.js:106:13)
12 verbose stack     at EventEmitter.emit (events.js:191:7)
12 verbose stack     at ChildProcess.<anonymous> (/home/manueljmorillo/.nvm/versions/node/v6.9.4/lib/node_modules/npm/lib/utils/spawn.js:40:14)
12 verbose stack     at emitTwo (events.js:106:13)
12 verbose stack     at ChildProcess.emit (events.js:191:7)
12 verbose stack     at maybeClose (internal/child_process.js:877:16)
12 verbose stack     at Process.ChildProcess._handle.onexit (internal/child_process.js:226:5)
13 verbose pkgid mapea@5.0.0
14 verbose cwd /home/manueljmorillo/environment/proyectos/SIGC/workspace/Mapea4/mapea-js
15 error Linux 4.4.0-137-generic
16 error argv "/home/manueljmorillo/.nvm/versions/node/v6.9.4/bin/node" "/home/manueljmorillo/.nvm/versions/node/v6.9.4/bin/npm" "run" "build"
17 error node v6.9.4
18 error npm  v3.10.10
19 error code ELIFECYCLE
20 error mapea@5.0.0 prebuild: `node tasks/clean-build.js --path=dist && node tasks/copy-legacy.js && node tasks/generate-index.js && node tasks/generate-plugins-entrypoints.js`
20 error Exit status 1
21 error Failed at the mapea@5.0.0 prebuild script 'node tasks/clean-build.js --path=dist && node tasks/copy-legacy.js && node tasks/generate-index.js && node tasks/generate-plugins-entrypoints.js'.
21 error Make sure you have the latest version of node.js and npm installed.
21 error If you do, this is most likely a problem with the mapea package,
21 error not with npm itself.
21 error Tell the author that this fails on your system:
21 error     node tasks/clean-build.js --path=dist && node tasks/copy-legacy.js && node tasks/generate-index.js && node tasks/generate-plugins-entrypoints.js
21 error You can get information on how to open an issue for this project with:
21 error     npm bugs mapea
21 error Or if that isn't available, you can get their info via:
21 error     npm owner ls mapea
21 error There is likely additional logging output above.
22 verbose exit [ 1, true ]
